<?xml version="1.0" encoding="UTF-8" ?>
<testsuite tests="1" failures="0" name="be.intecbrussel.AppTest" time="0.003" errors="0" skipped="0">
  <properties>
    <property name="idea.version" value="2022.2"/>
    <property name="java.runtime.name" value="OpenJDK Runtime Environment"/>
    <property name="java.vm.version" value="11.0.16+8-LTS"/>
    <property name="sun.boot.library.path" value="C:\Users\yilma\Apps\apps\corretto11-jdk\current\bin"/>
    <property name="user.country.format" value="BE"/>
    <property name="maven.multiModuleProjectDirectory" value="C:\Projects\intec-learn-platform\java-notebooks\Codes\jdbc-demo"/>
    <property name="java.vm.vendor" value="Amazon.com Inc."/>
    <property name="java.vendor.url" value="https://aws.amazon.com/corretto/"/>
    <property name="guice.disable.misplaced.annotation.check" value="true"/>
    <property name="path.separator" value=";"/>
    <property name="java.vm.name" value="OpenJDK 64-Bit Server VM"/>
    <property name="sun.os.patch.level" value=""/>
    <property name="user.script" value=""/>
    <property name="sun.java.launcher" value="SUN_STANDARD"/>
    <property name="user.country" value="US"/>
    <property name="java.vm.specification.name" value="Java Virtual Machine Specification"/>
    <property name="user.dir" value="C:\Projects\intec-learn-platform\java-notebooks\Codes\jdbc-demo"/>
    <property name="java.vm.compressedOopsMode" value="Zero based"/>
    <property name="java.runtime.version" value="11.0.16+8-LTS"/>
    <property name="java.awt.graphicsenv" value="sun.awt.Win32GraphicsEnvironment"/>
    <property name="os.arch" value="amd64"/>
    <property name="visualvm.id" value="59233276629500"/>
    <property name="java.io.tmpdir" value="C:\Users\yilma\AppData\Local\Temp\"/>
    <property name="line.separator" value="
"/>
    <property name="java.vm.specification.vendor" value="Oracle Corporation"/>
    <property name="user.variant" value=""/>
    <property name="os.name" value="Windows 11"/>
    <property name="maven.ext.class.path" value="C:\Users\yilma\Apps\apps\idea-ultimate\current\IDE\plugins\maven\lib\maven-event-listener.jar"/>
    <property name="classworlds.conf" value="C:\Users\yilma\Apps\apps\idea-ultimate\current\IDE\plugins\maven\lib\maven3\bin\m2.conf"/>
    <property name="sun.jnu.encoding" value="Cp1252"/>
    <property name="java.library.path" value="C:\Users\yilma\Apps\apps\corretto11-jdk\current\bin;C:\Windows\Sun\Java\bin;C:\Windows\system32;C:\Windows;C:\Users\yilma\Apps\apps\pwsh\current;C:\Windows\system32;C:\Windows;C:\Windows\System32\Wbem;C:\Windows\System32\OpenSSH\;C:\ProgramData\chocolatey\bin;C:\Program Files\GhostWriter\;C:\Program Files\Git\cmd;C:\Users\yilma\Apps\apps\anaconda3\current\Scripts;C:\Users\yilma\Apps\apps\maven\current\bin;C:\Users\yilma\Apps\apps\ant\current\bin;C:\Users\yilma\Apps\apps\gsudo\current;C:\Users\yilma\Apps\apps\qemu\current;C:\Users\yilma\Apps\apps\flutter\current\bin\cache\dart-sdk\bin;C:\Users\yilma\Apps\apps\vscode\current\bin;C:\Users\yilma\Apps\apps\android-sdk\current\tools\bin;C:\Users\yilma\Apps\apps\android-clt\current\cmdline-tools\bin;C:\Users\yilma\Apps\apps\python\current\Scripts;C:\Users\yilma\Apps\apps\python\current;C:\Users\yilma\Apps\apps\yarn\current\global\node_modules\.bin;C:\Users\yilma\Apps\apps\yarn\current\bin;C:\Users\yilma\Apps\apps\graalvm-jdk11\current\bin;C:\Users\yilma\Apps\apps\liberica-full-lts-jdk\current\bin;C:\Users\yilma\Apps\apps\nodejs\current\bin;C:\Users\yilma\Apps\apps\nodejs\current;C:\Users\yilma\Apps\shims;C:\Users\yilma\AppData\Local\Microsoft\WindowsApps;C:\Users\yilma\.dotnet\tools;C:\Users\yilma\.dotnet\tools;C:\Users\yilma\Apps\apps\corretto11-jdk\current\bin;C:\Users\yilma\Apps\apps\docker\current\resources;;."/>
    <property name="maven.conf" value="C:\Users\yilma\Apps\apps\idea-ultimate\current\IDE\plugins\maven\lib\maven3/conf"/>
    <property name="jdk.debug" value="release"/>
    <property name="java.class.version" value="55.0"/>
    <property name="java.specification.name" value="Java Platform API Specification"/>
    <property name="sun.management.compiler" value="HotSpot 64-Bit Tiered Compilers"/>
    <property name="os.version" value="10.0"/>
    <property name="user.home" value="C:\Users\yilma"/>
    <property name="user.timezone" value="Europe/Paris"/>
    <property name="java.awt.printerjob" value="sun.awt.windows.WPrinterJob"/>
    <property name="file.encoding" value="UTF-8"/>
    <property name="java.specification.version" value="11"/>
    <property name="user.name" value="yilmaz"/>
    <property name="java.class.path" value="C:\Users\yilma\Apps\apps\idea-ultimate\current\IDE\plugins\maven\lib\maven3\boot\plexus-classworlds-2.6.0.jar;C:\Users\yilma\Apps\apps\idea-ultimate\current\IDE\plugins\maven\lib\maven3\boot\plexus-classworlds.license"/>
    <property name="java.vm.specification.version" value="11"/>
    <property name="sun.arch.data.model" value="64"/>
    <property name="sun.java.command" value="org.codehaus.classworlds.Launcher -Didea.version=2022.2 clean install"/>
    <property name="java.home" value="C:\Users\yilma\Apps\apps\corretto11-jdk\current"/>
    <property name="user.language" value="en"/>
    <property name="java.specification.vendor" value="Oracle Corporation"/>
    <property name="awt.toolkit" value="sun.awt.windows.WToolkit"/>
    <property name="java.vm.info" value="mixed mode"/>
    <property name="java.version" value="11.0.16"/>
    <property name="java.vendor" value="Amazon.com Inc."/>
    <property name="maven.home" value="C:\Users\yilma\Apps\apps\idea-ultimate\current\IDE\plugins\maven\lib\maven3"/>
    <property name="file.separator" value="\"/>
    <property name="java.version.date" value="2022-07-19"/>
    <property name="java.vendor.url.bug" value="https://github.com/corretto/corretto-11/issues/"/>
    <property name="sun.io.unicode.encoding" value="UnicodeLittle"/>
    <property name="sun.cpu.endian" value="little"/>
    <property name="java.vendor.version" value="Corretto-11.0.16.8.1"/>
    <property name="sun.desktop" value="windows"/>
    <property name="sun.cpu.isalist" value="amd64"/>
  </properties>
  <testcase classname="be.intecbrussel.AppTest" name="testApp" time="0.003"/>
</testsuite>