<?xml version="1.0" encoding="UTF-8"?>
<testsuite xmlns:xsi="http://www.w3.org/2001/XMLSchema-instance" xsi:noNamespaceSchemaLocation="https://maven.apache.org/surefire/maven-surefire-plugin/xsd/surefire-test-report.xsd" name="be.intecbrussel.AppTest" time="0.057" tests="1" errors="0" skipped="0" failures="0">
  <properties>
    <property name="sun.desktop" value="windows"/>
    <property name="awt.toolkit" value="sun.awt.windows.WToolkit"/>
    <property name="java.specification.version" value="11"/>
    <property name="sun.cpu.isalist" value="amd64"/>
    <property name="sun.jnu.encoding" value="Cp1252"/>
    <property name="java.class.path" value="C:\Users\yilma\.projects\jdbc-inleiding\target\test-classes;C:\Users\yilma\.projects\jdbc-inleiding\target\classes;C:\Users\yilma\.m2\repository\junit\junit\4.11\junit-4.11.jar;C:\Users\yilma\.m2\repository\org\hamcrest\hamcrest-core\1.3\hamcrest-core-1.3.jar;C:\Users\yilma\.m2\repository\mysql\mysql-connector-java\8.0.30\mysql-connector-java-8.0.30.jar;C:\Users\yilma\.m2\repository\com\google\protobuf\protobuf-java\3.19.4\protobuf-java-3.19.4.jar;C:\Users\yilma\.m2\repository\org\projectlombok\lombok\1.18.24\lombok-1.18.24.jar;C:\Users\yilma\.m2\repository\com\github\javafaker\javafaker\1.0.2\javafaker-1.0.2.jar;C:\Users\yilma\.m2\repository\org\apache\commons\commons-lang3\3.5\commons-lang3-3.5.jar;C:\Users\yilma\.m2\repository\org\yaml\snakeyaml\1.23\snakeyaml-1.23-android.jar;C:\Users\yilma\.m2\repository\com\github\mifmif\generex\1.0.2\generex-1.0.2.jar;C:\Users\yilma\.m2\repository\dk\brics\automaton\automaton\1.11-8\automaton-1.11-8.jar;"/>
    <property name="java.vm.vendor" value="Amazon.com Inc."/>
    <property name="sun.arch.data.model" value="64"/>
    <property name="user.variant" value=""/>
    <property name="java.vendor.url" value="https://aws.amazon.com/corretto/"/>
    <property name="user.timezone" value="Europe/Paris"/>
    <property name="user.country.format" value="BE"/>
    <property name="java.vm.specification.version" value="11"/>
    <property name="os.name" value="Windows 11"/>
    <property name="sun.java.launcher" value="SUN_STANDARD"/>
    <property name="user.country" value="US"/>
    <property name="sun.boot.library.path" value="C:\Users\yilma\Apps\apps\corretto11-jdk\current\bin"/>
    <property name="sun.java.command" value="C:\Users\yilma\AppData\Local\Temp\surefire17836755471918970297\surefirebooter4140835280006079239.jar C:\Users\yilma\AppData\Local\Temp\surefire17836755471918970297 2022-08-16T12-01-27_921-jvmRun1 surefire13804516211445842380tmp surefire_011019510220170999207tmp"/>
    <property name="jdk.debug" value="release"/>
    <property name="surefire.test.class.path" value="C:\Users\yilma\.projects\jdbc-inleiding\target\test-classes;C:\Users\yilma\.projects\jdbc-inleiding\target\classes;C:\Users\yilma\.m2\repository\junit\junit\4.11\junit-4.11.jar;C:\Users\yilma\.m2\repository\org\hamcrest\hamcrest-core\1.3\hamcrest-core-1.3.jar;C:\Users\yilma\.m2\repository\mysql\mysql-connector-java\8.0.30\mysql-connector-java-8.0.30.jar;C:\Users\yilma\.m2\repository\com\google\protobuf\protobuf-java\3.19.4\protobuf-java-3.19.4.jar;C:\Users\yilma\.m2\repository\org\projectlombok\lombok\1.18.24\lombok-1.18.24.jar;C:\Users\yilma\.m2\repository\com\github\javafaker\javafaker\1.0.2\javafaker-1.0.2.jar;C:\Users\yilma\.m2\repository\org\apache\commons\commons-lang3\3.5\commons-lang3-3.5.jar;C:\Users\yilma\.m2\repository\org\yaml\snakeyaml\1.23\snakeyaml-1.23-android.jar;C:\Users\yilma\.m2\repository\com\github\mifmif\generex\1.0.2\generex-1.0.2.jar;C:\Users\yilma\.m2\repository\dk\brics\automaton\automaton\1.11-8\automaton-1.11-8.jar;"/>
    <property name="sun.cpu.endian" value="little"/>
    <property name="user.home" value="C:\Users\yilma"/>
    <property name="user.language" value="en"/>
    <property name="java.specification.vendor" value="Oracle Corporation"/>
    <property name="java.version.date" value="2022-07-19"/>
    <property name="java.home" value="C:\Users\yilma\Apps\apps\corretto11-jdk\current"/>
    <property name="file.separator" value="\"/>
    <property name="basedir" value="C:\Users\yilma\.projects\jdbc-inleiding"/>
    <property name="java.vm.compressedOopsMode" value="Zero based"/>
    <property name="line.separator" value="&#10;"/>
    <property name="java.specification.name" value="Java Platform API Specification"/>
    <property name="java.vm.specification.vendor" value="Oracle Corporation"/>
    <property name="java.awt.graphicsenv" value="sun.awt.Win32GraphicsEnvironment"/>
    <property name="surefire.real.class.path" value="C:\Users\yilma\AppData\Local\Temp\surefire17836755471918970297\surefirebooter4140835280006079239.jar"/>
    <property name="user.script" value=""/>
    <property name="sun.management.compiler" value="HotSpot 64-Bit Tiered Compilers"/>
    <property name="java.runtime.version" value="11.0.16+8-LTS"/>
    <property name="user.name" value="yilmaz"/>
    <property name="path.separator" value=";"/>
    <property name="os.version" value="10.0"/>
    <property name="java.runtime.name" value="OpenJDK Runtime Environment"/>
    <property name="file.encoding" value="Cp1252"/>
    <property name="java.vm.name" value="OpenJDK 64-Bit Server VM"/>
    <property name="java.vendor.version" value="Corretto-11.0.16.8.1"/>
    <property name="localRepository" value="C:\Users\yilma\.m2\repository"/>
    <property name="java.vendor.url.bug" value="https://github.com/corretto/corretto-11/issues/"/>
    <property name="java.io.tmpdir" value="C:\Users\yilma\AppData\Local\Temp\"/>
    <property name="idea.version" value="2022.2"/>
    <property name="java.version" value="11.0.16"/>
    <property name="user.dir" value="C:\Users\yilma\.projects\jdbc-inleiding"/>
    <property name="os.arch" value="amd64"/>
    <property name="java.vm.specification.name" value="Java Virtual Machine Specification"/>
    <property name="java.awt.printerjob" value="sun.awt.windows.WPrinterJob"/>
    <property name="sun.os.patch.level" value=""/>
    <property name="java.library.path" value="C:\Users\yilma\Apps\apps\corretto11-jdk\current\bin;C:\Windows\Sun\Java\bin;C:\Windows\system32;C:\Windows;C:\Users\yilma\Apps\apps\pwsh\current;C:\Windows\system32;C:\Windows;C:\Windows\System32\Wbem;C:\Windows\System32\OpenSSH\;C:\ProgramData\chocolatey\bin;C:\Program Files\GhostWriter\;C:\Program Files\Git\cmd;C:\Users\yilma\Apps\apps\anaconda3\current\Scripts;C:\Users\yilma\Apps\apps\maven\current\bin;C:\Users\yilma\Apps\apps\ant\current\bin;C:\Users\yilma\Apps\apps\gsudo\current;C:\Users\yilma\Apps\apps\qemu\current;C:\Users\yilma\Apps\apps\flutter\current\bin\cache\dart-sdk\bin;C:\Users\yilma\Apps\apps\vscode\current\bin;C:\Users\yilma\Apps\apps\android-sdk\current\tools\bin;C:\Users\yilma\Apps\apps\android-clt\current\cmdline-tools\bin;C:\Users\yilma\Apps\apps\python\current\Scripts;C:\Users\yilma\Apps\apps\python\current;C:\Users\yilma\Apps\apps\yarn\current\global\node_modules\.bin;C:\Users\yilma\Apps\apps\yarn\current\bin;C:\Users\yilma\Apps\apps\graalvm-jdk11\current\bin;C:\Users\yilma\Apps\apps\liberica-full-lts-jdk\current\bin;C:\Users\yilma\Apps\apps\nodejs\current\bin;C:\Users\yilma\Apps\apps\nodejs\current;C:\Users\yilma\Apps\shims;C:\Users\yilma\AppData\Local\Microsoft\WindowsApps;C:\Users\yilma\.dotnet\tools;C:\Users\yilma\.dotnet\tools;C:\Users\yilma\Apps\apps\corretto11-jdk\current\bin;."/>
    <property name="java.vm.info" value="mixed mode"/>
    <property name="java.vendor" value="Amazon.com Inc."/>
    <property name="java.vm.version" value="11.0.16+8-LTS"/>
    <property name="sun.io.unicode.encoding" value="UnicodeLittle"/>
    <property name="java.class.version" value="55.0"/>
  </properties>
  <testcase name="shouldAnswerWithTrue" classname="be.intecbrussel.AppTest" time="0.002"/>
</testsuite>